# JRE version: Java(TM) SE Runtime Environment (19.0+36) (build 19+36-2238)
# Java VM: Java HotSpot(TM) 64-Bit Server VM (19+36-2238, mixed mode, sharing, tiered, compressed oops, compressed class ptrs, g1 gc, windows-amd64)
GC Precious Log:
 CardTable entry size: 512
 Card Set container configuration: InlinePtr #cards 5 size 8 Array Of Cards #cards 12 size 40 Howl #buckets 4 coarsen threshold 1843 Howl Bitmap #cards 512 size 80 coarsen threshold 460 Card regions per heap region 1 cards per card region 2048
 CPUs: 12 total, 12 available
 Memory: 7891M
 Large Page Support: Disabled
 NUMA Support: Disabled
 Compressed Oops: Enabled (32-bit)
 Heap Region Size: 1M
 Heap Min Capacity: 8M
 Heap Initial Capacity: 124M
 Heap Max Capacity: 1974M
 Pre-touch: Disabled
 Parallel Workers: 10
 Concurrent Workers: 3
 Concurrent Refinement Workers: 10
 Periodic GC: Disabled
Heap:
 garbage-first heap   total 126976K, used 57564K [0x0000000084a00000, 0x0000000100000000)
  region size 1024K, 43 young (44032K), 3 survivors (3072K)
 Metaspace       used 8419K, committed 8640K, reserved 1114112K
  class space    used 806K, committed 896K, reserved 1048576K
GC Heap History (20 events):
Event: 60.414 GC heap before
{Heap before GC invocations=30 (full 0):
 garbage-first heap   total 126976K, used 90028K [0x0000000084a00000, 0x0000000100000000)
  region size 1024K, 74 young (75776K), 3 survivors (3072K)
 Metaspace       used 8412K, committed 8640K, reserved 1114112K
  class space    used 805K, committed 896K, reserved 1048576K
}
Event: 60.419 GC heap after
{Heap after GC invocations=31 (full 0):
 garbage-first heap   total 126976K, used 17326K [0x0000000084a00000, 0x0000000100000000)
  region size 1024K, 3 young (3072K), 3 survivors (3072K)
 Metaspace       used 8412K, committed 8640K, reserved 1114112K
  class space    used 805K, committed 896K, reserved 1048576K
}
Event: 62.377 GC heap before
{Heap before GC invocations=31 (full 0):
 garbage-first heap   total 126976K, used 90030K [0x0000000084a00000, 0x0000000100000000)
  region size 1024K, 74 young (75776K), 3 survivors (3072K)
 Metaspace       used 8412K, committed 8640K, reserved 1114112K
  class space    used 805K, committed 896K, reserved 1048576K
}
Event: 62.384 GC heap after
{Heap after GC invocations=32 (full 0):
 garbage-first heap   total 126976K, used 17393K [0x0000000084a00000, 0x0000000100000000)
  region size 1024K, 3 young (3072K), 3 survivors (3072K)
 Metaspace       used 8412K, committed 8640K, reserved 1114112K
  class space    used 805K, committed 896K, reserved 1048576K
}
Event: 64.365 GC heap before
{Heap before GC invocations=32 (full 0):
 garbage-first heap   total 126976K, used 90097K [0x0000000084a00000, 0x0000000100000000)
  region size 1024K, 74 young (75776K), 3 survivors (3072K)
 Metaspace       used 8412K, committed 8640K, reserved 1114112K
  class space    used 805K, committed 896K, reserved 1048576K
}
Event: 64.372 GC heap after
{Heap after GC invocations=33 (full 0):
 garbage-first heap   total 126976K, used 17274K [0x0000000084a00000, 0x0000000100000000)
  region size 1024K, 3 young (3072K), 3 survivors (3072K)
 Metaspace       used 8412K, committed 8640K, reserved 1114112K
  class space    used 805K, committed 896K, reserved 1048576K
}
Event: 66.337 GC heap before
{Heap before GC invocations=33 (full 0):
 garbage-first heap   total 126976K, used 89978K [0x0000000084a00000, 0x0000000100000000)
  region size 1024K, 74 young (75776K), 3 survivors (3072K)
 Metaspace       used 8413K, committed 8640K, reserved 1114112K
  class space    used 805K, committed 896K, reserved 1048576K
}
Event: 66.344 GC heap after
{Heap after GC invocations=34 (full 0):
 garbage-first heap   total 126976K, used 17343K [0x0000000084a00000, 0x0000000100000000)
  region size 1024K, 3 young (3072K), 3 survivors (3072K)
 Metaspace       used 8413K, committed 8640K, reserved 1114112K
  class space    used 805K, committed 896K, reserved 1048576K
}
Event: 68.314 GC heap before
{Heap before GC invocations=34 (full 0):
 garbage-first heap   total 126976K, used 90047K [0x0000000084a00000, 0x0000000100000000)
  region size 1024K, 74 young (75776K), 3 survivors (3072K)
 Metaspace       used 8413K, committed 8640K, reserved 1114112K
  class space    used 805K, committed 896K, reserved 1048576K
}
Event: 68.319 GC heap after
{Heap after GC invocations=35 (full 0):
 garbage-first heap   total 126976K, used 17351K [0x0000000084a00000, 0x0000000100000000)
  region size 1024K, 3 young (3072K), 3 survivors (3072K)
 Metaspace       used 8413K, committed 8640K, reserved 1114112K
  class space    used 805K, committed 896K, reserved 1048576K
}
Event: 70.288 GC heap before
{Heap before GC invocations=35 (full 0):
 garbage-first heap   total 126976K, used 90055K [0x0000000084a00000, 0x0000000100000000)
  region size 1024K, 74 young (75776K), 3 survivors (3072K)
 Metaspace       used 8413K, committed 8640K, reserved 1114112K
  class space    used 805K, committed 896K, reserved 1048576K
}
Event: 70.296 GC heap after
{Heap after GC invocations=36 (full 0):
 garbage-first heap   total 126976K, used 17351K [0x0000000084a00000, 0x0000000100000000)
  region size 1024K, 3 young (3072K), 3 survivors (3072K)
 Metaspace       used 8413K, committed 8640K, reserved 1114112K
  class space    used 805K, committed 896K, reserved 1048576K
}
Event: 72.334 GC heap before
{Heap before GC invocations=36 (full 0):
 garbage-first heap   total 126976K, used 90055K [0x0000000084a00000, 0x0000000100000000)
  region size 1024K, 74 young (75776K), 3 survivors (3072K)
 Metaspace       used 8413K, committed 8640K, reserved 1114112K
  class space    used 805K, committed 896K, reserved 1048576K
}
Event: 72.340 GC heap after
{Heap after GC invocations=37 (full 0):
 garbage-first heap   total 126976K, used 17360K [0x0000000084a00000, 0x0000000100000000)
  region size 1024K, 3 young (3072K), 3 survivors (3072K)
 Metaspace       used 8413K, committed 8640K, reserved 1114112K
  class space    used 805K, committed 896K, reserved 1048576K
}
Event: 74.564 GC heap before
{Heap before GC invocations=37 (full 0):
 garbage-first heap   total 126976K, used 90064K [0x0000000084a00000, 0x0000000100000000)
  region size 1024K, 74 young (75776K), 3 survivors (3072K)
 Metaspace       used 8419K, committed 8640K, reserved 1114112K
  class space    used 806K, committed 896K, reserved 1048576K
}
Event: 74.567 GC heap after
{Heap after GC invocations=38 (full 0):
 garbage-first heap   total 126976K, used 17547K [0x0000000084a00000, 0x0000000100000000)
  region size 1024K, 3 young (3072K), 3 survivors (3072K)
 Metaspace       used 8419K, committed 8640K, reserved 1114112K
  class space    used 806K, committed 896K, reserved 1048576K
}
Event: 76.568 GC heap before
{Heap before GC invocations=38 (full 0):
 garbage-first heap   total 126976K, used 90251K [0x0000000084a00000, 0x0000000100000000)
  region size 1024K, 74 young (75776K), 3 survivors (3072K)
 Metaspace       used 8419K, committed 8640K, reserved 1114112K
  class space    used 806K, committed 896K, reserved 1048576K
}
Event: 76.574 GC heap after
{Heap after GC invocations=39 (full 0):
 garbage-first heap   total 126976K, used 17618K [0x0000000084a00000, 0x0000000100000000)
  region size 1024K, 3 young (3072K), 3 survivors (3072K)
 Metaspace       used 8419K, committed 8640K, reserved 1114112K
  class space    used 806K, committed 896K, reserved 1048576K
}
Event: 78.570 GC heap before
{Heap before GC invocations=39 (full 0):
 garbage-first heap   total 126976K, used 90322K [0x0000000084a00000, 0x0000000100000000)
  region size 1024K, 74 young (75776K), 3 survivors (3072K)
 Metaspace       used 8419K, committed 8640K, reserved 1114112K
  class space    used 806K, committed 896K, reserved 1048576K
}
Event: 78.578 GC heap after
{Heap after GC invocations=40 (full 0):
 garbage-first heap   total 126976K, used 17628K [0x0000000084a00000, 0x0000000100000000)
  region size 1024K, 3 young (3072K), 3 survivors (3072K)
 Metaspace       used 8419K, committed 8640K, reserved 1114112K
  class space    used 806K, committed 896K, reserved 1048576K
}

